Loading VoxLingua107 ECAPA-TDNN...
CategoricalEncoder.expect_len was never called: assuming category count of 107 to be correct! Sanity check your encoder using `.expect_len`. Ensure that downstream code also uses the correct size. If you are sure this does not apply to you, use `.ignore_len`.
  [inst |-- ]          17723 — pred=jw p=0.27  jw=0.27 yi=0.13 la=0.08  (14.5s)  1 de Maig — Lluís Paloma, 'Patin
  [inst |-- ]          17739 — pred=cy p=0.14  cy=0.14 eu=0.08 my=0.06  (13.2s)  1 de Maig (Versió Ionic South) — Lluís Paloma, 'Patin
  [inst |-- ]          17703 — pred=cy p=0.20  cy=0.20 war=0.19 jw=0.10  (13.4s)  450 Mulberry Street, Memphis,  — Lluís Paloma, 'Patin
  [inst |-- ]          10338 — pred=da p=0.18  da=0.18 la=0.12 cy=0.11  (13.7s)  A Flash In The Pan - Second Ve — Lluís Paloma, 'Patin
  [inst |-- ]          17751 — pred=de p=0.25  de=0.25 jw=0.13 br=0.10  (13.7s)  All You Need Is Glub — Lluís Paloma, 'Patin
  [inst |-- ]          17769 — pred=jw p=0.24  jw=0.24 war=0.21 cy=0.09  (13.3s)  A Merry Free For All — Lluís Paloma, 'Patin
  [inst |-- ]          17706 — pred=war p=0.18  war=0.18 cy=0.16 eu=0.11  (13.4s)  Antarctic Day (2025 Mix) — Lluís Paloma, 'Patin
  [inst |-- ]           9811 — pred=de p=0.24  de=0.24 cy=0.14 yi=0.13  (13.3s)  A Phoney Situation - Second Ve — Lluís Paloma, 'Patin
  [inst |-- ]          17725 — pred=de p=0.17  de=0.17 yi=0.09 pt=0.08  (13.5s)  Arribant a l'Illa — Lluís Paloma, 'Patin
  [inst |-- ]          17787 — pred=my p=0.25  my=0.25 cy=0.15 war=0.14  (12.9s)  Astrosurfing — Lluís Paloma, 'Patin
  [vocal|ca ]          19801 ✗ pred=jw p=0.06  jw=0.06 nn=0.05 la=0.05  (13.2s)  Va Com Va — Remei de Ca la Fresc
  [vocal|ca ]          20623 ✗ pred=my p=0.52  my=0.52 zh=0.25 cy=0.03  (13.5s)  Murs d'Altaveus — Sobre Mi Gata
  [vocal|ca ]          13111 ✗ pred=ar p=0.08  ar=0.08 lb=0.06 zh=0.06  (13.6s)  Sense Tu, No És el Mar — Clara Bonfill
  [vocal|ca ]          23438 ✗ pred=jw p=0.22  jw=0.22 zh=0.13 ms=0.05  (14.0s)  Sota una Estrella (En Directe  — Sopa de Cabra
  [vocal|ca ]          23574 ✗ pred=la p=0.07  la=0.07 jw=0.05 nn=0.05  (13.1s)  Ja Tens l'Amor — Jofre Bardagí
  [vocal|ca ]           9965 ✗ pred=my p=0.20  my=0.20 eu=0.09 ja=0.08  (13.0s)  He Pecat — Borrissol
  [vocal|ca ]          16754 ✗ pred=zh p=0.07  zh=0.07 su=0.06 ms=0.05  (13.1s)  Batre de Pepe Moreno (Feat. Pe — Jonatan Penalba
  [vocal|ca ]          16791 ✗ pred=cy p=0.09  cy=0.09 zh=0.06 nn=0.04  (13.2s)  Yoga els Dimecres — Jordi Maranges
  [vocal|ca ]          22028 ✗ pred=zh p=0.48  zh=0.48 ar=0.04 jw=0.04  (12.9s)  Tota la Nit (Demo) — Wildside
  [vocal|ca ]          17441 ✓ pred=ca p=1.00  ca=1.00 oc=0.00 gl=0.00  (4.5s)  Pels Rius de la Vida — Laia dels Vents
  [vocal|ca ]           7925 ✗ pred=sco p=0.40  sco=0.40 cy=0.30 sv=0.07  (4.5s)  In The Rain — Martina Burón
  [vocal|ca ]           4712 ✗ pred=yi p=0.21  yi=0.21 gn=0.16 cy=0.12  (4.6s)  Inici de Campana - 2025 — Maria del Mar Bonet
  [vocal|ca ]            721 ✗ pred=la p=0.74  la=0.74 br=0.03 cy=0.03  (4.3s)  Visions Tàctils — Marc Parrot
  [vocal|ca ]           8652 ✓ pred=ca p=0.98  ca=0.98 it=0.01 eu=0.00  (4.6s)  Déjà Vu — Els Amics De Les Art
  [vocal|ca ]           8564 ✗ pred=eu p=0.87  eu=0.87 ca=0.12 tt=0.00  (4.5s)  Tant de Bo — Sr. Corella
  [vocal|ca ]           8736 ✓ pred=ca p=0.54  ca=0.54 gl=0.44 es=0.01  (4.5s)  Propietats de la Pena | la Mui — Andreu Valor
  [vocal|ca ]          13759 ✓ pred=ca p=0.96  ca=0.96 el=0.02 cy=0.01  (1.0s)  Àngel de la Guarda — David Torné
  [vocal|ca ]          13472 ✓ pred=ca p=0.21  ca=0.21 is=0.08 pl=0.06  (4.6s)  La Croada dels Nens (En Direct — Companyia Elèctrica
  [vocal|ca ]          15817 ✓ pred=ca p=0.92  ca=0.92 eu=0.07 gl=0.00  (4.5s)  Quan els Mussols i els Gats Si — Germans Tanner
  [vocal|ca ]          16748 ✗ pred=eu p=0.71  eu=0.71 ca=0.22 oc=0.02  (4.7s)  Tarquim — Jonatan Penalba
  [vocal|ca ]           8011 ✗ pred=ba p=0.28  ba=0.28 it=0.08 tt=0.06  (4.6s)  Tape - Remix — Adrien Broadway
  [vocal|ca ]           9887 ✓ pred=ca p=0.96  ca=0.96 oc=0.02 sco=0.01  (4.4s)  Les Dotze Van Tocant — La Guardiola Groga
  [vocal|ca ]           9015 ✓ pred=ca p=0.97  ca=0.97 eu=0.02 gl=0.00  (4.5s)  Gal-àlicismes — SX3
  [vocal|es ]     d555188232 ✓ pred=es p=0.20  es=0.20 ca=0.20 sw=0.16  (4.4s)  MALAMENTE — ROSALÍA
  [vocal|es ]     d686020062 ✓ pred=es p=0.81  es=0.81 ca=0.11 da=0.02  (4.4s)  Callaita — Bad Bunny
  [vocal|es ]    d1112702042 ✗ pred=ca p=0.44  ca=0.44 es=0.13 gl=0.07  (4.6s)  Tú Me Dejaste De Querer — C. Tangana
  [vocal|es ]     d110952726 ✗ pred=gl p=0.24  gl=0.24 eu=0.23 ca=0.18  (4.9s)  Uno X Uno — Manuel Carrasco
  [vocal|es ]     d399041702 ✗ pred=ca p=0.44  ca=0.44 gl=0.29 es=0.15  (4.5s)  La Puerta Violeta — Rozalén
  [vocal|en ]     d139470659 ✗ pred=no p=0.31  no=0.31 af=0.12 nn=0.11  (4.4s)  Shape of You — Ed Sheeran
  [vocal|en ]     d655095912 ✗ pred=tl p=0.28  tl=0.28 ms=0.09 ceb=0.07  (4.4s)  bad guy — Billie Eilish
  [vocal|en ]    d1976903157 ✗ pred=cy p=0.52  cy=0.52 en=0.26 sv=0.03  (4.3s)  Anti-Hero — Taylor Swift
  [vocal|en ]     d908604612 ✗ pred=cy p=0.42  cy=0.42 yi=0.27 my=0.05  (4.5s)  Blinding Lights — The Weeknd
  [vocal|en ]     d138545995 ✗ pred=cy p=0.32  cy=0.32 sco=0.15 en=0.10  (4.5s)  Hello — Adele
  [vocal|fr ]      d69879254 ✓ pred=fr p=0.89  fr=0.89 br=0.07 da=0.02  (4.7s)  Formidable — Stromae
  [vocal|fr ]     d546875572 ✗ pred=no p=0.36  no=0.36 fr=0.16 nn=0.11  (4.8s)  Balance ton quoi — Angèle
  [vocal|it ]    d1262536082 ✓ pred=it p=0.99  it=0.99 ca=0.00 sv=0.00  (4.8s)  ZITTI E BUONI — Måneskin
  [vocal|it ]       d4104011 ✓ pred=it p=0.34  it=0.34 sco=0.32 cy=0.15  (5.0s)  La solitudine — Laura Pausini
  [vocal|pt ]      d12335477 ✓ pred=pt p=0.92  pt=0.92 ca=0.03 oc=0.02  (4.5s)  Sozinho (Live) — Caetano Veloso

━━ Summary ━━
  Tagged clips: 38
  Correct:      14 / 38 = 36.8%
  Ground-truth breakdown: {'ca': 23, 'es': 5, 'en': 5, 'fr': 2, 'it': 2, 'pt': 1}

  Errors (24):
    ca→jw (p=0.06, p_ca=0.01, p_es=0.01)  Va Com Va — Remei de Ca la Fresca
    ca→my (p=0.52, p_ca=0.00, p_es=0.00)  Murs d'Altaveus — Sobre Mi Gata
    ca→ar (p=0.08, p_ca=0.00, p_es=0.00)  Sense Tu, No És el Mar — Clara Bonfill
    ca→jw (p=0.22, p_ca=0.01, p_es=0.01)  Sota una Estrella (En Directe al Palau S — Sopa de Cabra
    ca→la (p=0.07, p_ca=0.01, p_es=0.01)  Ja Tens l'Amor — Jofre Bardagí
    ca→my (p=0.20, p_ca=0.01, p_es=0.00)  He Pecat — Borrissol
    ca→zh (p=0.07, p_ca=0.01, p_es=0.00)  Batre de Pepe Moreno (Feat. Pepe Moreno) — Jonatan Penalba
    ca→cy (p=0.09, p_ca=0.01, p_es=0.01)  Yoga els Dimecres — Jordi Maranges
    ca→zh (p=0.48, p_ca=0.00, p_es=0.00)  Tota la Nit (Demo) — Wildside
    ca→sco (p=0.40, p_ca=0.00, p_es=0.00)  In The Rain — Martina Burón
    ca→yi (p=0.21, p_ca=0.04, p_es=0.01)  Inici de Campana - 2025 — Maria del Mar Bonet
    ca→la (p=0.74, p_ca=0.01, p_es=0.00)  Visions Tàctils — Marc Parrot
    ca→eu (p=0.87, p_ca=0.12, p_es=0.00)  Tant de Bo — Sr. Corella
    ca→eu (p=0.71, p_ca=0.22, p_es=0.02)  Tarquim — Jonatan Penalba
    ca→ba (p=0.28, p_ca=0.02, p_es=0.01)  Tape - Remix — Adrien Broadway
    es→ca (p=0.44, p_ca=0.44, p_es=0.13)  Tú Me Dejaste De Querer — C. Tangana
    es→gl (p=0.24, p_ca=0.18, p_es=0.17)  Uno X Uno — Manuel Carrasco
    es→ca (p=0.44, p_ca=0.44, p_es=0.15)  La Puerta Violeta — Rozalén
    en→no (p=0.31, p_ca=0.03, p_es=0.00)  Shape of You — Ed Sheeran
    en→tl (p=0.28, p_ca=0.01, p_es=0.00)  bad guy — Billie Eilish
    en→cy (p=0.52, p_ca=0.01, p_es=0.00)  Anti-Hero — Taylor Swift
    en→cy (p=0.42, p_ca=0.01, p_es=0.00)  Blinding Lights — The Weeknd
    en→cy (p=0.32, p_ca=0.01, p_es=0.00)  Hello — Adele
    fr→no (p=0.36, p_ca=0.00, p_es=0.00)  Balance ton quoi — Angèle

  Catalan clips — p(ca) vs p(es):
    p_ca=0.01 p_es=0.01 Δ=+0.01  Va Com Va — Remei de Ca la Fresc
    p_ca=0.00 p_es=0.00 Δ=+0.00  Murs d'Altaveus — Sobre Mi Gata
    p_ca=0.00 p_es=0.00 Δ=+0.00  Sense Tu, No És el Mar — Clara Bonfill
    p_ca=0.01 p_es=0.01 Δ=+0.00  Sota una Estrella (En Directe al Palau S — Sopa de Cabra
    p_ca=0.01 p_es=0.01 Δ=+0.00  Ja Tens l'Amor — Jofre Bardagí
    p_ca=0.01 p_es=0.00 Δ=+0.01  He Pecat — Borrissol
    p_ca=0.01 p_es=0.00 Δ=+0.00  Batre de Pepe Moreno (Feat. Pepe Moreno) — Jonatan Penalba
    p_ca=0.01 p_es=0.01 Δ=+0.00  Yoga els Dimecres — Jordi Maranges
    p_ca=0.00 p_es=0.00 Δ=-0.00  Tota la Nit (Demo) — Wildside
    p_ca=1.00 p_es=0.00 Δ=+1.00  Pels Rius de la Vida — Laia dels Vents
    p_ca=0.00 p_es=0.00 Δ=+0.00  In The Rain — Martina Burón
    p_ca=0.04 p_es=0.01 Δ=+0.03  Inici de Campana - 2025 — Maria del Mar Bonet
    p_ca=0.01 p_es=0.00 Δ=+0.00  Visions Tàctils — Marc Parrot
    p_ca=0.98 p_es=0.00 Δ=+0.98  Déjà Vu — Els Amics De Les Art
    p_ca=0.12 p_es=0.00 Δ=+0.12  Tant de Bo — Sr. Corella
    p_ca=0.54 p_es=0.01 Δ=+0.53  Propietats de la Pena | la Muixeranga |  — Andreu Valor
    p_ca=0.96 p_es=0.00 Δ=+0.96  Àngel de la Guarda — David Torné
    p_ca=0.21 p_es=0.01 Δ=+0.20  La Croada dels Nens (En Directe al Liceu — Companyia Elèctrica
    p_ca=0.92 p_es=0.00 Δ=+0.92  Quan els Mussols i els Gats Siguin Despe — Germans Tanner
    p_ca=0.22 p_es=0.02 Δ=+0.20  Tarquim — Jonatan Penalba
    p_ca=0.02 p_es=0.01 Δ=+0.01  Tape - Remix — Adrien Broadway
    p_ca=0.96 p_es=0.00 Δ=+0.96  Les Dotze Van Tocant — La Guardiola Groga
    p_ca=0.97 p_es=0.00 Δ=+0.97  Gal-àlicismes — SX3
