Loading faster-whisper large-v3 (CPU, int8)...
  [inst |-- ]          17723 — pred=en p=0.76  en=0.76 ru=0.05 ja=0.03  (52.6s)  1 de Maig — Lluís Paloma, 'Patin
  [inst |-- ]          17739 — pred=en p=0.26  en=0.26 fi=0.23 ru=0.10  (90.4s)  1 de Maig (Versió Ionic South) — Lluís Paloma, 'Patin
  [inst |-- ]          17703 — pred=en p=0.84  en=0.84 ru=0.03 ja=0.02  (78.2s)  450 Mulberry Street, Memphis,  — Lluís Paloma, 'Patin
  [inst |-- ]          10338 — pred=en p=0.93  en=0.93 jw=0.01 ru=0.01  (52.1s)  A Flash In The Pan - Second Ve — Lluís Paloma, 'Patin
  [inst |-- ]          17751 — pred=en p=0.83  en=0.83 ru=0.06 pt=0.02  (58.3s)  All You Need Is Glub — Lluís Paloma, 'Patin
  [inst |-- ]          17769 — pred=en p=0.96  en=0.96 ru=0.01 ja=0.01  (47.4s)  A Merry Free For All — Lluís Paloma, 'Patin
  [inst |-- ]          17706 — pred=en p=0.67  en=0.67 ja=0.13 km=0.07  (27.4s)  Antarctic Day (2025 Mix) — Lluís Paloma, 'Patin
  [inst |-- ]           9811 — pred=en p=0.85  en=0.85 ru=0.06 pt=0.01  (29.0s)  A Phoney Situation - Second Ve — Lluís Paloma, 'Patin
  [inst |-- ]          17725 — pred=en p=0.91  en=0.91 ru=0.02 de=0.01  (27.3s)  Arribant a l'Illa — Lluís Paloma, 'Patin
  [inst |-- ]          17787 — pred=en p=0.98  en=0.98 ru=0.00 ja=0.00  (27.0s)  Astrosurfing — Lluís Paloma, 'Patin
  [vocal|ca ]          19801 ✓ pred=ca p=0.92  ca=0.92 es=0.06 gl=0.01  (25.6s)  Va Com Va — Remei de Ca la Fresc
  [vocal|ca ]          20623 ✓ pred=ca p=0.99  ca=0.99 es=0.01 en=0.00  (26.4s)  Murs d'Altaveus — Sobre Mi Gata
  [vocal|ca ]          13111 ✓ pred=ca p=0.98  ca=0.98 es=0.02 en=0.00  (26.8s)  Sense Tu, No És el Mar — Clara Bonfill
  [vocal|ca ]          23438 ✓ pred=ca p=1.00  ca=1.00 es=0.00 pt=0.00  (26.7s)  Sota una Estrella (En Directe  — Sopa de Cabra
  [vocal|ca ]          23574 ✗ pred=es p=0.71  es=0.71 ca=0.15 pt=0.04  (27.8s)  Ja Tens l'Amor — Jofre Bardagí
  [vocal|ca ]           9965 ✓ pred=ca p=0.98  ca=0.98 es=0.01 gl=0.00  (27.3s)  He Pecat — Borrissol
  [vocal|ca ]          16754 ✗ pred=es p=0.83  es=0.83 ca=0.07 en=0.03  (26.6s)  Batre de Pepe Moreno (Feat. Pe — Jonatan Penalba
  [vocal|ca ]          16791 ✓ pred=ca p=1.00  ca=1.00 es=0.00 gl=0.00  (26.6s)  Yoga els Dimecres — Jordi Maranges
  [vocal|ca ]          22028 ✓ pred=ca p=0.97  ca=0.97 es=0.01 pt=0.01  (27.3s)  Tota la Nit (Demo) — Wildside
  [vocal|ca ]          17441 ✓ pred=ca p=0.99  ca=0.99 es=0.01 it=0.00  (26.7s)  Pels Rius de la Vida — Laia dels Vents
  [vocal|ca ]           7925 ✗ pred=en p=0.81  en=0.81 zh=0.03 es=0.03  (26.7s)  In The Rain — Martina Burón
  [vocal|ca ]           4712 ✓ pred=ca p=0.83  ca=0.83 es=0.06 en=0.02  (26.6s)  Inici de Campana - 2025 — Maria del Mar Bonet
  [vocal|ca ]            721 ✗ pred=en p=0.74  en=0.74 la=0.05 ru=0.04  (25.5s)  Visions Tàctils — Marc Parrot
  [vocal|ca ]           8652 ✓ pred=ca p=1.00  ca=1.00 es=0.00 gl=0.00  (25.8s)  Déjà Vu — Els Amics De Les Art
  [vocal|ca ]           8564 ✓ pred=ca p=1.00  ca=1.00 es=0.00 it=0.00  (26.0s)  Tant de Bo — Sr. Corella
  [vocal|ca ]           8736 ✓ pred=ca p=0.89  ca=0.89 gl=0.06 es=0.04  (25.5s)  Propietats de la Pena | la Mui — Andreu Valor
  [vocal|ca ]          13759 ✓ pred=ca p=0.91  ca=0.91 es=0.04 gl=0.01  (27.0s)  Àngel de la Guarda — David Torné
  [vocal|ca ]          13472 ✓ pred=ca p=0.85  ca=0.85 es=0.10 gl=0.02  (27.0s)  La Croada dels Nens (En Direct — Companyia Elèctrica
  [vocal|ca ]          15817 ✓ pred=ca p=0.99  ca=0.99 es=0.01 gl=0.00  (26.5s)  Quan els Mussols i els Gats Si — Germans Tanner
  [vocal|ca ]          16748 ✗ pred=es p=0.72  es=0.72 gl=0.11 ca=0.04  (26.6s)  Tarquim — Jonatan Penalba
  [vocal|ca ]           8011 ✗ pred=es p=0.44  es=0.44 it=0.23 ro=0.07  (26.2s)  Tape - Remix — Adrien Broadway
  [vocal|ca ]           9887 ✓ pred=ca p=1.00  ca=1.00 es=0.00 gl=0.00  (27.3s)  Les Dotze Van Tocant — La Guardiola Groga
  [vocal|ca ]           9015 ✓ pred=ca p=0.99  ca=0.99 es=0.01 it=0.00  (25.9s)  Gal-àlicismes — SX3
  [vocal|es ]     d555188232 ✓ pred=es p=0.98  es=0.98 en=0.01 gl=0.00  (26.1s)  MALAMENTE — ROSALÍA
  [vocal|es ]     d686020062 ✓ pred=es p=0.98  es=0.98 en=0.01 it=0.00  (26.7s)  Callaita — Bad Bunny
  [vocal|es ]    d1112702042 ✓ pred=es p=0.95  es=0.95 gl=0.01 ca=0.01  (25.8s)  Tú Me Dejaste De Querer — C. Tangana
  [vocal|es ]     d110952726 ✓ pred=es p=0.99  es=0.99 en=0.00 it=0.00  (26.8s)  Uno X Uno — Manuel Carrasco
  [vocal|es ]     d399041702 ✓ pred=es p=0.98  es=0.98 ca=0.01 gl=0.01  (26.5s)  La Puerta Violeta — Rozalén
  [vocal|en ]     d139470659 ✓ pred=en p=0.66  en=0.66 es=0.07 ru=0.06  (26.1s)  Shape of You — Ed Sheeran
  [vocal|en ]     d655095912 ✓ pred=en p=0.97  en=0.97 ko=0.01 fr=0.00  (26.7s)  bad guy — Billie Eilish
  [vocal|en ]    d1976903157 ✓ pred=en p=0.85  en=0.85 es=0.04 pt=0.03  (25.9s)  Anti-Hero — Taylor Swift
  [vocal|en ]     d908604612 ✓ pred=en p=0.92  en=0.92 ru=0.02 fr=0.01  (25.9s)  Blinding Lights — The Weeknd
  [vocal|en ]     d138545995 ✓ pred=en p=0.96  en=0.96 es=0.01 pt=0.00  (27.4s)  Hello — Adele
  [vocal|fr ]      d69879254 ✓ pred=fr p=0.97  fr=0.97 en=0.02 pt=0.00  (27.1s)  Formidable — Stromae
  [vocal|fr ]     d546875572 ✓ pred=fr p=0.99  fr=0.99 en=0.01 ru=0.00  (28.9s)  Balance ton quoi — Angèle
  [vocal|it ]    d1262536082 ✓ pred=it p=1.00  it=1.00 en=0.00 es=0.00  (26.6s)  ZITTI E BUONI — Måneskin
  [vocal|it ]       d4104011 ✓ pred=it p=0.98  it=0.98 en=0.02 es=0.00  (25.9s)  La solitudine — Laura Pausini
  [vocal|pt ]      d12335477 ✓ pred=pt p=1.00  pt=1.00 en=0.00 es=0.00  (26.9s)  Sozinho (Live) — Caetano Veloso

━━ Summary ━━
  Tagged clips: 38
  Correct:      32 / 38 = 84.2%

  Ground-truth breakdown: {'ca': 23, 'es': 5, 'en': 5, 'fr': 2, 'it': 2, 'pt': 1}

  Errors (6):
    ca→es (p=0.71, p_true=0.15)  Ja Tens l'Amor — Jofre Bardagí
    ca→es (p=0.83, p_true=0.07)  Batre de Pepe Moreno (Feat. Pepe Moreno) — Jonatan Penalba
    ca→en (p=0.81, p_true=0.00)  In The Rain — Martina Burón
    ca→en (p=0.74, p_true=0.00)  Visions Tàctils — Marc Parrot
    ca→es (p=0.72, p_true=0.04)  Tarquim — Jonatan Penalba
    ca→es (p=0.44, p_true=0.02)  Tape - Remix — Adrien Broadway

  Catalan clips — p(ca) vs p(es):
    p_ca=0.92 p_es=0.06 Δ=+0.86  Va Com Va — Remei de Ca la Fresc
    p_ca=0.99 p_es=0.01 Δ=+0.98  Murs d'Altaveus — Sobre Mi Gata
    p_ca=0.98 p_es=0.02 Δ=+0.95  Sense Tu, No És el Mar — Clara Bonfill
    p_ca=1.00 p_es=0.00 Δ=+0.99  Sota una Estrella (En Directe al Palau S — Sopa de Cabra
    p_ca=0.15 p_es=0.71 Δ=-0.56  Ja Tens l'Amor — Jofre Bardagí
    p_ca=0.98 p_es=0.01 Δ=+0.96  He Pecat — Borrissol
    p_ca=0.07 p_es=0.83 Δ=-0.76  Batre de Pepe Moreno (Feat. Pepe Moreno) — Jonatan Penalba
    p_ca=1.00 p_es=0.00 Δ=+1.00  Yoga els Dimecres — Jordi Maranges
    p_ca=0.97 p_es=0.01 Δ=+0.96  Tota la Nit (Demo) — Wildside
    p_ca=0.99 p_es=0.01 Δ=+0.98  Pels Rius de la Vida — Laia dels Vents
    p_ca=0.00 p_es=0.03 Δ=-0.02  In The Rain — Martina Burón
    p_ca=0.83 p_es=0.06 Δ=+0.77  Inici de Campana - 2025 — Maria del Mar Bonet
    p_ca=0.00 p_es=0.01 Δ=-0.01  Visions Tàctils — Marc Parrot
    p_ca=1.00 p_es=0.00 Δ=+1.00  Déjà Vu — Els Amics De Les Art
    p_ca=1.00 p_es=0.00 Δ=+1.00  Tant de Bo — Sr. Corella
    p_ca=0.89 p_es=0.04 Δ=+0.85  Propietats de la Pena | la Muixeranga |  — Andreu Valor
    p_ca=0.91 p_es=0.04 Δ=+0.87  Àngel de la Guarda — David Torné
    p_ca=0.85 p_es=0.10 Δ=+0.75  La Croada dels Nens (En Directe al Liceu — Companyia Elèctrica
    p_ca=0.99 p_es=0.01 Δ=+0.98  Quan els Mussols i els Gats Siguin Despe — Germans Tanner
    p_ca=0.04 p_es=0.72 Δ=-0.68  Tarquim — Jonatan Penalba
    p_ca=0.02 p_es=0.44 Δ=-0.43  Tape - Remix — Adrien Broadway
    p_ca=1.00 p_es=0.00 Δ=+1.00  Les Dotze Van Tocant — La Guardiola Groga
    p_ca=0.99 p_es=0.01 Δ=+0.98  Gal-àlicismes — SX3
